=== Installing dependencies ===
Collecting yfinance
  Downloading yfinance-1.1.0-py2.py3-none-any.whl.metadata (6.1 kB)
Requirement already satisfied: scikit-learn in /usr/local/lib/python3.12/dist-packages (1.8.0)
Collecting transformers
  Downloading transformers-4.57.6-py3-none-any.whl.metadata (43 kB)
Collecting chromadb
  Downloading chromadb-1.4.1-cp39-abi3-manylinux_2_17_aarch64.manylinux2014_aarch64.whl.metadata (7.2 kB)
Requirement already satisfied: pandas>=1.3.0 in /usr/local/lib/python3.12/dist-packages (from yfinance) (2.3.3)
Requirement already satisfied: numpy>=1.16.5 in /usr/local/lib/python3.12/dist-packages (from yfinance) (2.1.0)
Requirement already satisfied: requests>=2.31 in /usr/local/lib/python3.12/dist-packages (from yfinance) (2.32.5)
Collecting multitasking>=0.0.7 (from yfinance)
  Downloading multitasking-0.0.12.tar.gz (19 kB)
  Installing build dependencies: started
  Installing build dependencies: finished with status 'done'
  Getting requirements to build wheel: started
  Getting requirements to build wheel: finished with status 'done'
  Preparing metadata (pyproject.toml): started
  Preparing metadata (pyproject.toml): finished with status 'done'
Requirement already satisfied: platformdirs>=2.0.0 in /usr/local/lib/python3.12/dist-packages (from yfinance) (4.5.1)
Requirement already satisfied: pytz>=2022.5 in /usr/local/lib/python3.12/dist-packages (from yfinance) (2025.2)
Collecting frozendict>=2.3.4 (from yfinance)
  Downloading frozendict-2.4.7-py3-none-any.whl.metadata (23 kB)
Collecting peewee>=3.16.2 (from yfinance)
  Downloading peewee-3.19.0-py3-none-any.whl.metadata (7.0 kB)
Requirement already satisfied: beautifulsoup4>=4.11.1 in /usr/local/lib/python3.12/dist-packages (from yfinance) (4.14.3)
Collecting curl_cffi<0.14,>=0.7 (from yfinance)
  Downloading curl_cffi-0.13.0-cp39-abi3-manylinux_2_17_aarch64.manylinux2014_aarch64.whl.metadata (13 kB)
Requirement already satisfied: protobuf>=3.19.0 in /usr/local/lib/python3.12/dist-packages (from yfinance) (6.33.2)
Collecting websockets>=13.0 (from yfinance)
  Downloading websockets-16.0-cp312-cp312-manylinux2014_aarch64.manylinux_2_17_aarch64.manylinux_2_28_aarch64.whl.metadata (6.8 kB)
Requirement already satisfied: cffi>=1.12.0 in /usr/local/lib/python3.12/dist-packages (from curl_cffi<0.14,>=0.7->yfinance) (2.0.0)
Requirement already satisfied: certifi>=2024.2.2 in /usr/local/lib/python3.12/dist-packages (from curl_cffi<0.14,>=0.7->yfinance) (2025.11.12)
Requirement already satisfied: scipy>=1.10.0 in /usr/local/lib/python3.12/dist-packages (from scikit-learn) (1.16.3)
Requirement already satisfied: joblib>=1.3.0 in /usr/local/lib/python3.12/dist-packages (from scikit-learn) (1.5.3)
Requirement already satisfied: threadpoolctl>=3.2.0 in /usr/local/lib/python3.12/dist-packages (from scikit-learn) (3.6.0)
Requirement already satisfied: filelock in /usr/local/lib/python3.12/dist-packages (from transformers) (3.20.1)
Collecting huggingface-hub<1.0,>=0.34.0 (from transformers)
  Downloading huggingface_hub-0.36.0-py3-none-any.whl.metadata (14 kB)
Requirement already satisfied: packaging>=20.0 in /usr/local/lib/python3.12/dist-packages (from transformers) (25.0)
Requirement already satisfied: pyyaml>=5.1 in /usr/local/lib/python3.12/dist-packages (from transformers) (6.0.3)
Requirement already satisfied: regex!=2019.12.17 in /usr/local/lib/python3.12/dist-packages (from transformers) (2025.11.3)
Requirement already satisfied: tokenizers<=0.23.0,>=0.22.0 in /usr/local/lib/python3.12/dist-packages (from transformers) (0.22.1)
Requirement already satisfied: safetensors>=0.4.3 in /usr/local/lib/python3.12/dist-packages (from transformers) (0.7.0)
Requirement already satisfied: tqdm>=4.27 in /usr/local/lib/python3.12/dist-packages (from transformers) (4.67.1)
Requirement already satisfied: fsspec>=2023.5.0 in /usr/local/lib/python3.12/dist-packages (from huggingface-hub<1.0,>=0.34.0->transformers) (2025.10.0)
Requirement already satisfied: typing-extensions>=3.7.4.3 in /usr/local/lib/python3.12/dist-packages (from huggingface-hub<1.0,>=0.34.0->transformers) (4.15.0)
Requirement already satisfied: hf-xet<2.0.0,>=1.1.3 in /usr/local/lib/python3.12/dist-packages (from huggingface-hub<1.0,>=0.34.0->transformers) (1.2.0)
Requirement already satisfied: build>=1.0.3 in /usr/local/lib/python3.12/dist-packages (from chromadb) (1.3.0)
Requirement already satisfied: pydantic>=1.9 in /usr/local/lib/python3.12/dist-packages (from chromadb) (2.12.5)
Collecting pybase64>=1.4.1 (from chromadb)
  Downloading pybase64-1.4.3-cp312-cp312-manylinux2014_aarch64.manylinux_2_17_aarch64.whl.metadata (8.7 kB)
Collecting uvicorn>=0.18.3 (from uvicorn[standard]>=0.18.3->chromadb)
  Downloading uvicorn-0.40.0-py3-none-any.whl.metadata (6.7 kB)
Collecting posthog<6.0.0,>=2.4.0 (from chromadb)
  Downloading posthog-5.4.0-py3-none-any.whl.metadata (5.7 kB)
Collecting onnxruntime>=1.14.1 (from chromadb)
  Downloading onnxruntime-1.23.2-cp312-cp312-manylinux_2_27_aarch64.manylinux_2_28_aarch64.whl.metadata (5.1 kB)
Collecting opentelemetry-api>=1.2.0 (from chromadb)
  Downloading opentelemetry_api-1.39.1-py3-none-any.whl.metadata (1.5 kB)
Collecting opentelemetry-exporter-otlp-proto-grpc>=1.2.0 (from chromadb)
  Downloading opentelemetry_exporter_otlp_proto_grpc-1.39.1-py3-none-any.whl.metadata (2.5 kB)
Collecting opentelemetry-sdk>=1.2.0 (from chromadb)
  Downloading opentelemetry_sdk-1.39.1-py3-none-any.whl.metadata (1.5 kB)
Collecting pypika>=0.48.9 (from chromadb)
  Downloading pypika-0.50.0-py2.py3-none-any.whl.metadata (51 kB)
Requirement already satisfied: overrides>=7.3.1 in /usr/local/lib/python3.12/dist-packages (from chromadb) (7.7.0)
Collecting importlib-resources (from chromadb)
  Downloading importlib_resources-6.5.2-py3-none-any.whl.metadata (3.9 kB)
Requirement already satisfied: grpcio>=1.58.0 in /usr/local/lib/python3.12/dist-packages (from chromadb) (1.76.0)
Collecting bcrypt>=4.0.1 (from chromadb)
  Downloading bcrypt-5.0.0-cp39-abi3-manylinux_2_34_aarch64.whl.metadata (10 kB)
Collecting typer>=0.9.0 (from chromadb)
  Downloading typer-0.21.1-py3-none-any.whl.metadata (16 kB)
Collecting kubernetes>=28.1.0 (from chromadb)
  Downloading kubernetes-35.0.0-py2.py3-none-any.whl.metadata (1.7 kB)
Collecting tenacity>=8.2.3 (from chromadb)
  Downloading tenacity-9.1.2-py3-none-any.whl.metadata (1.2 kB)
Collecting mmh3>=4.0.1 (from chromadb)
  Downloading mmh3-5.2.0-cp312-cp312-manylinux2014_aarch64.manylinux_2_17_aarch64.manylinux_2_28_aarch64.whl.metadata (14 kB)
Collecting orjson>=3.9.12 (from chromadb)
  Downloading orjson-3.11.5-cp312-cp312-manylinux_2_17_aarch64.manylinux2014_aarch64.whl.metadata (41 kB)
Requirement already satisfied: httpx>=0.27.0 in /usr/local/lib/python3.12/dist-packages (from chromadb) (0.28.1)
Requirement already satisfied: rich>=10.11.0 in /usr/local/lib/python3.12/dist-packages (from chromadb) (14.2.0)
Requirement already satisfied: jsonschema>=4.19.0 in /usr/local/lib/python3.12/dist-packages (from chromadb) (4.25.1)
Requirement already satisfied: six>=1.5 in /usr/local/lib/python3.12/dist-packages (from posthog<6.0.0,>=2.4.0->chromadb) (1.16.0)
Requirement already satisfied: python-dateutil>=2.2 in /usr/local/lib/python3.12/dist-packages (from posthog<6.0.0,>=2.4.0->chromadb) (2.9.0.post0)
Collecting backoff>=1.10.0 (from posthog<6.0.0,>=2.4.0->chromadb)
  Downloading backoff-2.2.1-py3-none-any.whl.metadata (14 kB)
Collecting distro>=1.5.0 (from posthog<6.0.0,>=2.4.0->chromadb)
  Downloading distro-1.9.0-py3-none-any.whl.metadata (6.8 kB)
Requirement already satisfied: charset_normalizer<4,>=2 in /usr/local/lib/python3.12/dist-packages (from requests>=2.31->yfinance) (3.4.4)
Requirement already satisfied: idna<4,>=2.5 in /usr/local/lib/python3.12/dist-packages (from requests>=2.31->yfinance) (3.11)
Requirement already satisfied: urllib3<3,>=1.21.1 in /usr/local/lib/python3.12/dist-packages (from requests>=2.31->yfinance) (2.6.1)
Requirement already satisfied: soupsieve>=1.6.1 in /usr/local/lib/python3.12/dist-packages (from beautifulsoup4>=4.11.1->yfinance) (2.8)
Requirement already satisfied: pyproject_hooks in /usr/local/lib/python3.12/dist-packages (from build>=1.0.3->chromadb) (1.2.0)
Requirement already satisfied: pycparser in /usr/local/lib/python3.12/dist-packages (from cffi>=1.12.0->curl_cffi<0.14,>=0.7->yfinance) (2.23)
Requirement already satisfied: anyio in /usr/local/lib/python3.12/dist-packages (from httpx>=0.27.0->chromadb) (4.12.0)
Requirement already satisfied: httpcore==1.* in /usr/local/lib/python3.12/dist-packages (from httpx>=0.27.0->chromadb) (1.0.9)
Requirement already satisfied: h11>=0.16 in /usr/local/lib/python3.12/dist-packages (from httpcore==1.*->httpx>=0.27.0->chromadb) (0.16.0)
Requirement already satisfied: attrs>=22.2.0 in /usr/local/lib/python3.12/dist-packages (from jsonschema>=4.19.0->chromadb) (25.4.0)
Requirement already satisfied: jsonschema-specifications>=2023.03.6 in /usr/local/lib/python3.12/dist-packages (from jsonschema>=4.19.0->chromadb) (2025.9.1)
Requirement already satisfied: referencing>=0.28.4 in /usr/local/lib/python3.12/dist-packages (from jsonschema>=4.19.0->chromadb) (0.37.0)
Requirement already satisfied: rpds-py>=0.7.1 in /usr/local/lib/python3.12/dist-packages (from jsonschema>=4.19.0->chromadb) (0.30.0)
Requirement already satisfied: websocket-client!=0.40.0,!=0.41.*,!=0.42.*,>=0.32.0 in /usr/local/lib/python3.12/dist-packages (from kubernetes>=28.1.0->chromadb) (1.9.0)
Collecting requests-oauthlib (from kubernetes>=28.1.0->chromadb)
  Downloading requests_oauthlib-2.0.0-py2.py3-none-any.whl.metadata (11 kB)
Collecting durationpy>=0.7 (from kubernetes>=28.1.0->chromadb)
  Downloading durationpy-0.10-py3-none-any.whl.metadata (340 bytes)
Collecting coloredlogs (from onnxruntime>=1.14.1->chromadb)
  Downloading coloredlogs-15.0.1-py2.py3-none-any.whl.metadata (12 kB)
Collecting flatbuffers (from onnxruntime>=1.14.1->chromadb)
  Downloading flatbuffers-25.12.19-py2.py3-none-any.whl.metadata (1.0 kB)
Requirement already satisfied: sympy in /usr/local/lib/python3.12/dist-packages (from onnxruntime>=1.14.1->chromadb) (1.14.0)
Requirement already satisfied: importlib-metadata<8.8.0,>=6.0 in /usr/local/lib/python3.12/dist-packages (from opentelemetry-api>=1.2.0->chromadb) (8.7.0)
Requirement already satisfied: zipp>=3.20 in /usr/local/lib/python3.12/dist-packages (from importlib-metadata<8.8.0,>=6.0->opentelemetry-api>=1.2.0->chromadb) (3.23.0)
Collecting googleapis-common-protos~=1.57 (from opentelemetry-exporter-otlp-proto-grpc>=1.2.0->chromadb)
  Downloading googleapis_common_protos-1.72.0-py3-none-any.whl.metadata (9.4 kB)
Collecting opentelemetry-exporter-otlp-proto-common==1.39.1 (from opentelemetry-exporter-otlp-proto-grpc>=1.2.0->chromadb)
  Downloading opentelemetry_exporter_otlp_proto_common-1.39.1-py3-none-any.whl.metadata (1.8 kB)
Collecting opentelemetry-proto==1.39.1 (from opentelemetry-exporter-otlp-proto-grpc>=1.2.0->chromadb)
  Downloading opentelemetry_proto-1.39.1-py3-none-any.whl.metadata (2.3 kB)
Collecting opentelemetry-semantic-conventions==0.60b1 (from opentelemetry-sdk>=1.2.0->chromadb)
  Downloading opentelemetry_semantic_conventions-0.60b1-py3-none-any.whl.metadata (2.4 kB)
Requirement already satisfied: tzdata>=2022.7 in /usr/local/lib/python3.12/dist-packages (from pandas>=1.3.0->yfinance) (2025.3)
Requirement already satisfied: annotated-types>=0.6.0 in /usr/local/lib/python3.12/dist-packages (from pydantic>=1.9->chromadb) (0.7.0)
Requirement already satisfied: pydantic-core==2.41.5 in /usr/local/lib/python3.12/dist-packages (from pydantic>=1.9->chromadb) (2.41.5)
Requirement already satisfied: typing-inspection>=0.4.2 in /usr/local/lib/python3.12/dist-packages (from pydantic>=1.9->chromadb) (0.4.2)
Requirement already satisfied: markdown-it-py>=2.2.0 in /usr/local/lib/python3.12/dist-packages (from rich>=10.11.0->chromadb) (4.0.0)
Requirement already satisfied: pygments<3.0.0,>=2.13.0 in /usr/local/lib/python3.12/dist-packages (from rich>=10.11.0->chromadb) (2.19.2)
Requirement already satisfied: mdurl~=0.1 in /usr/local/lib/python3.12/dist-packages (from markdown-it-py>=2.2.0->rich>=10.11.0->chromadb) (0.1.2)
Requirement already satisfied: click>=8.0.0 in /usr/local/lib/python3.12/dist-packages (from typer>=0.9.0->chromadb) (8.3.1)
Requirement already satisfied: shellingham>=1.3.0 in /usr/local/lib/python3.12/dist-packages (from typer>=0.9.0->chromadb) (1.5.4)
Collecting httptools>=0.6.3 (from uvicorn[standard]>=0.18.3->chromadb)
  Downloading httptools-0.7.1-cp312-cp312-manylinux2014_aarch64.manylinux_2_17_aarch64.manylinux_2_28_aarch64.whl.metadata (3.5 kB)
Collecting python-dotenv>=0.13 (from uvicorn[standard]>=0.18.3->chromadb)
  Downloading python_dotenv-1.2.1-py3-none-any.whl.metadata (25 kB)
Collecting uvloop>=0.15.1 (from uvicorn[standard]>=0.18.3->chromadb)
  Downloading uvloop-0.22.1-cp312-cp312-manylinux2014_aarch64.manylinux_2_17_aarch64.manylinux_2_28_aarch64.whl.metadata (4.9 kB)
Collecting watchfiles>=0.13 (from uvicorn[standard]>=0.18.3->chromadb)
  Downloading watchfiles-1.1.1-cp312-cp312-manylinux_2_17_aarch64.manylinux2014_aarch64.whl.metadata (4.9 kB)
Collecting humanfriendly>=9.1 (from coloredlogs->onnxruntime>=1.14.1->chromadb)
  Downloading humanfriendly-10.0-py2.py3-none-any.whl.metadata (9.2 kB)
Collecting oauthlib>=3.0.0 (from requests-oauthlib->kubernetes>=28.1.0->chromadb)
  Downloading oauthlib-3.3.1-py3-none-any.whl.metadata (7.9 kB)
Requirement already satisfied: mpmath<1.4,>=1.1.0 in /usr/local/lib/python3.12/dist-packages (from sympy->onnxruntime>=1.14.1->chromadb) (1.3.0)
Downloading yfinance-1.1.0-py2.py3-none-any.whl (129 kB)
Downloading curl_cffi-0.13.0-cp39-abi3-manylinux_2_17_aarch64.manylinux2014_aarch64.whl (7.9 MB)
   â”â”â”â”â”â”â”â”â”â”â”â”â”â”â”â”â”â”â”â”â”â”â”â”â”â”â”â”â”â”â”â”â”â”â”â”â”â”â”â” 7.9/7.9 MB 82.4 MB/s  0:00:00
Downloading transformers-4.57.6-py3-none-any.whl (12.0 MB)
   â”â”â”â”â”â”â”â”â”â”â”â”â”â”â”â”â”â”â”â”â”â”â”â”â”â”â”â”â”â”â”â”â”â”â”â”â”â”â”â” 12.0/12.0 MB 81.6 MB/s  0:00:00
Downloading huggingface_hub-0.36.0-py3-none-any.whl (566 kB)
   â”â”â”â”â”â”â”â”â”â”â”â”â”â”â”â”â”â”â”â”â”â”â”â”â”â”â”â”â”â”â”â”â”â”â”â”â”â”â”â” 566.1/566.1 kB 29.5 MB/s  0:00:00
Downloading chromadb-1.4.1-cp39-abi3-manylinux_2_17_aarch64.manylinux2014_aarch64.whl (20.3 MB)
   â”â”â”â”â”â”â”â”â”â”â”â”â”â”â”â”â”â”â”â”â”â”â”â”â”â”â”â”â”â”â”â”â”â”â”â”â”â”â”â” 20.3/20.3 MB 85.4 MB/s  0:00:00
Downloading posthog-5.4.0-py3-none-any.whl (105 kB)
Downloading backoff-2.2.1-py3-none-any.whl (15 kB)
Downloading bcrypt-5.0.0-cp39-abi3-manylinux_2_34_aarch64.whl (275 kB)
Downloading distro-1.9.0-py3-none-any.whl (20 kB)
Downloading frozendict-2.4.7-py3-none-any.whl (16 kB)
Downloading kubernetes-35.0.0-py2.py3-none-any.whl (2.0 MB)
   â”â”â”â”â”â”â”â”â”â”â”â”â”â”â”â”â”â”â”â”â”â”â”â”â”â”â”â”â”â”â”â”â”â”â”â”â”â”â”â” 2.0/2.0 MB 66.8 MB/s  0:00:00
Downloading durationpy-0.10-py3-none-any.whl (3.9 kB)
Downloading mmh3-5.2.0-cp312-cp312-manylinux2014_aarch64.manylinux_2_17_aarch64.manylinux_2_28_aarch64.whl (106 kB)
Downloading onnxruntime-1.23.2-cp312-cp312-manylinux_2_27_aarch64.manylinux_2_28_aarch64.whl (15.2 MB)
   â”â”â”â”â”â”â”â”â”â”â”â”â”â”â”â”â”â”â”â”â”â”â”â”â”â”â”â”â”â”â”â”â”â”â”â”â”â”â”â” 15.2/15.2 MB 82.6 MB/s  0:00:00
Downloading opentelemetry_api-1.39.1-py3-none-any.whl (66 kB)
Downloading opentelemetry_exporter_otlp_proto_grpc-1.39.1-py3-none-any.whl (19 kB)
Downloading opentelemetry_exporter_otlp_proto_common-1.39.1-py3-none-any.whl (18 kB)
Downloading opentelemetry_proto-1.39.1-py3-none-any.whl (72 kB)
Downloading googleapis_common_protos-1.72.0-py3-none-any.whl (297 kB)
Downloading opentelemetry_sdk-1.39.1-py3-none-any.whl (132 kB)
Downloading opentelemetry_semantic_conventions-0.60b1-py3-none-any.whl (219 kB)
Downloading orjson-3.11.5-cp312-cp312-manylinux_2_17_aarch64.manylinux2014_aarch64.whl (132 kB)
Downloading peewee-3.19.0-py3-none-any.whl (411 kB)
Downloading pybase64-1.4.3-cp312-cp312-manylinux2014_aarch64.manylinux_2_17_aarch64.whl (59 kB)
Downloading pypika-0.50.0-py2.py3-none-any.whl (60 kB)
Downloading tenacity-9.1.2-py3-none-any.whl (28 kB)
Downloading typer-0.21.1-py3-none-any.whl (47 kB)
Downloading uvicorn-0.40.0-py3-none-any.whl (68 kB)
Downloading httptools-0.7.1-cp312-cp312-manylinux2014_aarch64.manylinux_2_17_aarch64.manylinux_2_28_aarch64.whl (511 kB)
Downloading python_dotenv-1.2.1-py3-none-any.whl (21 kB)
Downloading uvloop-0.22.1-cp312-cp312-manylinux2014_aarch64.manylinux_2_17_aarch64.manylinux_2_28_aarch64.whl (4.3 MB)
   â”â”â”â”â”â”â”â”â”â”â”â”â”â”â”â”â”â”â”â”â”â”â”â”â”â”â”â”â”â”â”â”â”â”â”â”â”â”â”â” 4.3/4.3 MB 80.5 MB/s  0:00:00
Downloading watchfiles-1.1.1-cp312-cp312-manylinux_2_17_aarch64.manylinux2014_aarch64.whl (449 kB)
Downloading websockets-16.0-cp312-cp312-manylinux2014_aarch64.manylinux_2_17_aarch64.manylinux_2_28_aarch64.whl (186 kB)
Downloading coloredlogs-15.0.1-py2.py3-none-any.whl (46 kB)
Downloading humanfriendly-10.0-py2.py3-none-any.whl (86 kB)
Downloading flatbuffers-25.12.19-py2.py3-none-any.whl (26 kB)
Downloading importlib_resources-6.5.2-py3-none-any.whl (37 kB)
Downloading requests_oauthlib-2.0.0-py2.py3-none-any.whl (24 kB)
Downloading oauthlib-3.3.1-py3-none-any.whl (160 kB)
Building wheels for collected packages: multitasking
  Building wheel for multitasking (pyproject.toml): started
  Building wheel for multitasking (pyproject.toml): finished with status 'done'
  Created wheel for multitasking: filename=multitasking-0.0.12-py3-none-any.whl size=15637 sha256=ac7493e8eff9ae0a05dfa4a7ab43947433bf550da0cfa042aabc03a686cb5057
  Stored in directory: /root/.cache/pip/wheels/cc/bd/6f/664d62c99327abeef7d86489e6631cbf45b56fbf7ef1d6ef00
Successfully built multitasking
Installing collected packages: pypika, peewee, multitasking, flatbuffers, durationpy, websockets, uvloop, uvicorn, tenacity, python-dotenv, pybase64, orjson, opentelemetry-proto, oauthlib, mmh3, importlib-resources, humanfriendly, httptools, googleapis-common-protos, frozendict, distro, bcrypt, backoff, watchfiles, requests-oauthlib, posthog, opentelemetry-exporter-otlp-proto-common, opentelemetry-api, huggingface-hub, curl_cffi, coloredlogs, yfinance, typer, opentelemetry-semantic-conventions, onnxruntime, kubernetes, transformers, opentelemetry-sdk, opentelemetry-exporter-otlp-proto-grpc, chromadb
  Attempting uninstall: huggingface-hub
    Found existing installation: huggingface_hub 1.2.3
    Uninstalling huggingface_hub-1.2.3:
      Successfully uninstalled huggingface_hub-1.2.3

Successfully installed backoff-2.2.1 bcrypt-5.0.0 chromadb-1.4.1 coloredlogs-15.0.1 curl_cffi-0.13.0 distro-1.9.0 durationpy-0.10 flatbuffers-25.12.19 frozendict-2.4.7 googleapis-common-protos-1.72.0 httptools-0.7.1 huggingface-hub-0.36.0 humanfriendly-10.0 importlib-resources-6.5.2 kubernetes-35.0.0 mmh3-5.2.0 multitasking-0.0.12 oauthlib-3.3.1 onnxruntime-1.23.2 opentelemetry-api-1.39.1 opentelemetry-exporter-otlp-proto-common-1.39.1 opentelemetry-exporter-otlp-proto-grpc-1.39.1 opentelemetry-proto-1.39.1 opentelemetry-sdk-1.39.1 opentelemetry-semantic-conventions-0.60b1 orjson-3.11.5 peewee-3.19.0 posthog-5.4.0 pybase64-1.4.3 pypika-0.50.0 python-dotenv-1.2.1 requests-oauthlib-2.0.0 tenacity-9.1.2 transformers-4.57.6 typer-0.21.1 uvicorn-0.40.0 uvloop-0.22.1 watchfiles-1.1.1 websockets-16.0 yfinance-1.1.0
=== Dependencies installed successfully ===
=== Environment ===
WORLD_SIZE=2
RANK=0
MASTER_ADDR=10.0.4.52
MASTER_PORT=29500
MY_IP=10.0.4.52

============================================================
S&P 500 Stock Prediction - Transformer + News
============================================================
World size: 2
Device: cuda:0
Incremental learning: True
Arguments: Namespace(epochs=100, batch_size=32, lr=0.0001, seq_length=30, pred_length=5, d_model=256, nhead=8, num_layers=4, data_dir='/mnt/storage/data', checkpoint_dir='/mnt/storage/checkpoints', export_dir='/mnt/storage/models', chromadb_dir='/mnt/storage/chromadb', resume=True)
[Rank 0] Loading existing raw data...
[rank0]: Traceback (most recent call last):
[rank0]:   File "/workspace/train.py", line 924, in <module>
[rank0]:     main()
[rank0]:   File "/workspace/train.py", line 782, in main
[rank0]:     train_data, test_data, scaler = prepare_data(
[rank0]:                                     ^^^^^^^^^^^^^
[rank0]:   File "/workspace/train.py", line 383, in prepare_data
[rank0]:     existing_data = torch.load(raw_data_path)
[rank0]:                     ^^^^^^^^^^^^^^^^^^^^^^^^^
[rank0]:   File "/usr/local/lib/python3.12/dist-packages/torch/serialization.py", line 1548, in load
[rank0]:     raise pickle.UnpicklingError(_get_wo_message(str(e))) from None
[rank0]: _pickle.UnpicklingError: Weights only load failed. This file can still be loaded, to do so you have two options, [1mdo those steps only if you trust the source of the checkpoint[0m. 
[rank0]: 	(1) In PyTorch 2.6, we changed the default value of the `weights_only` argument in `torch.load` from `False` to `True`. Re-running `torch.load` with `weights_only` set to `False` will likely succeed, but it can result in arbitrary code execution. Do it only if you got the file from a trusted source.
[rank0]: 	(2) Alternatively, to load with `weights_only=True` please check the recommended steps in the following error message.
[rank0]: 	WeightsUnpickler error: Unsupported global: GLOBAL numpy._core.multiarray._reconstruct was not an allowed global by default. Please use `torch.serialization.add_safe_globals([numpy._core.multiarray._reconstruct])` or the `torch.serialization.safe_globals([numpy._core.multiarray._reconstruct])` context manager to allowlist this global if you trust this class/function.

[rank0]: Check the documentation of torch.load to learn more about types accepted by default with weights_only https://pytorch.org/docs/stable/generated/torch.load.html.
[rank0]:[W126 05:47:31.339489155 ProcessGroupNCCL.cpp:1564] Warning: WARNING: destroy_process_group() was not called before program exit, which can leak resources. For more info, please see https://pytorch.org/docs/stable/distributed.html#shutdown (function operator())
stock-training-trainer-0-0:122:169 [0] NCCL INFO ENV/Plugin: Could not find: libnccl-env.so
stock-training-trainer-0-0:122:122 [0] NCCL INFO ENV/Plugin: Closing env plugin ncclEnvDefault
E0126 05:47:31.959000 1 torch/distributed/elastic/multiprocessing/api.py:978] failed (exitcode: 1) local_rank: 0 (pid: 122) of binary: /usr/bin/python
Traceback (most recent call last):
  File "/usr/local/bin/torchrun", line 7, in <module>
    sys.exit(main())
             ^^^^^^
  File "/usr/local/lib/python3.12/dist-packages/torch/distributed/elastic/multiprocessing/errors/__init__.py", line 362, in wrapper
    return f(*args, **kwargs)
           ^^^^^^^^^^^^^^^^^^
  File "/usr/local/lib/python3.12/dist-packages/torch/distributed/run.py", line 982, in main
    run(args)
  File "/usr/local/lib/python3.12/dist-packages/torch/distributed/run.py", line 973, in run
    elastic_launch(
  File "/usr/local/lib/python3.12/dist-packages/torch/distributed/launcher/api.py", line 165, in __call__
    return launch_agent(self._config, self._entrypoint, list(args))
           ^^^^^^^^^^^^^^^^^^^^^^^^^^^^^^^^^^^^^^^^^^^^^^^^^^^^^^^^
  File "/usr/local/lib/python3.12/dist-packages/torch/distributed/launcher/api.py", line 313, in launch_agent
    raise ChildFailedError(
torch.distributed.elastic.multiprocessing.errors.ChildFailedError: 
============================================================
/workspace/train.py FAILED
------------------------------------------------------------
Failures:
  <NO_OTHER_FAILURES>
------------------------------------------------------------
Root Cause (first observed failure):
[0]:
  time      : 2026-01-26_05:47:31
  host      : stock-training-trainer-0-0.stock-training.mlteam.svc.cluster.local
  rank      : 0 (local_rank: 0)
  exitcode  : 1 (pid: 122)
  error_file: <N/A>
  traceback : To enable traceback see: https://pytorch.org/docs/stable/elastic/errors.html
============================================================
